DEBUG - full hostname: gpu008.yggdrasil
DEBUG - work directory: /home/users/z/zhangyi9/workspace/test/PyTorch-with-Slurm/Tutorials/Quickstart-with-Slurm
INFO - started loading cuDNN and CUDA
DEBUG - CUDA_VISIBLE_DEVICES: 0
Tue May 11 20:16:24 2021
+-----------------------------------------------------------------------------+
| NVIDIA-SMI 460.32.03    Driver Version: 460.32.03    CUDA Version: 11.2     |
|-------------------------------+----------------------+----------------------+
| GPU  Name        Persistence-M| Bus-Id        Disp.A | Volatile Uncorr. ECC |
| Fan  Temp  Perf  Pwr:Usage/Cap|         Memory-Usage | GPU-Util  Compute M. |
|                               |                      |               MIG M. |
|===============================+======================+======================|
|   0  Tesla V100-PCIE...  On   | 00000000:3E:00.0 Off |                    0 |
| N/A   38C    P0    26W / 250W |      0MiB / 32510MiB |      0%      Default |
|                               |                      |                  N/A |
+-------------------------------+----------------------+----------------------+

+-----------------------------------------------------------------------------+
| Processes:                                                                  |
|  GPU   GI   CI        PID   Type   Process name                  GPU Memory |
|        ID   ID                                                   Usage      |
|=============================================================================|
|  No running processes found                                                 |
+-----------------------------------------------------------------------------+
INFO - started loading Singularity and build PyTorch SIF
INFO - started running Python script
INFO - running on cuda device with torch 1.8.1
