DEBUG - full hostname: gpu004.yggdrasil
DEBUG - work directory: /home/users/z/zhangyi9/workspace/pytorch_sif
INFO - started loading cuDNN and CUDA
DEBUG - CUDA_VISIBLE_DEVICES: 0
Fri May  7 22:07:18 2021       
+-----------------------------------------------------------------------------+
| NVIDIA-SMI 460.32.03    Driver Version: 460.32.03    CUDA Version: 11.2     |
|-------------------------------+----------------------+----------------------+
| GPU  Name        Persistence-M| Bus-Id        Disp.A | Volatile Uncorr. ECC |
| Fan  Temp  Perf  Pwr:Usage/Cap|         Memory-Usage | GPU-Util  Compute M. |
|                               |                      |               MIG M. |
|===============================+======================+======================|
|   0  TITAN RTX           On   | 00000000:1A:00.0 Off |                  N/A |
| 41%   31C    P8    14W / 280W |      1MiB / 24220MiB |      0%      Default |
|                               |                      |                  N/A |
+-------------------------------+----------------------+----------------------+
                                                                               
+-----------------------------------------------------------------------------+
| Processes:                                                                  |
|  GPU   GI   CI        PID   Type   Process name                  GPU Memory |
|        ID   ID                                                   Usage      |
|=============================================================================|
|  No running processes found                                                 |
+-----------------------------------------------------------------------------+
INFO - started loading Singularity and build PyTorch SIF
INFO - started running Python script
INFO - running on cuda device with torch 1.8.1
