DEBUG - full hostname: gpu002.yggdrasil
DEBUG - work directory: /home/users/z/zhangyi9/workspace/tutorial
INFO - started loading Python, cuDNN and CUDA
DEBUG - CUDA_VISIBLE_DEVICES: 0,1,2,3
INFO - started activating virtual environment
INFO - started running Python script

 Let's play with MNIST using torch 1.8.1+cu111 on 4 GPU(s)!

             Local Rank: 2 | Global Rank: 2


 Let's play with MNIST using torch 1.8.1+cu111 on 4 GPU(s)!

             Local Rank: 1 | Global Rank: 1


 Let's play with MNIST using torch 1.8.1+cu111 on 4 GPU(s)!

             Local Rank: 3 | Global Rank: 3


 Let's play with MNIST using torch 1.8.1+cu111 on 4 GPU(s)!

             Local Rank: 0 | Global Rank: 0


 Let's play with MNIST using torch 1.8.1+cu111 on 4 GPU(s)!

             Local Rank: 2 | Global Rank: 6


 Let's play with MNIST using torch 1.8.1+cu111 on 4 GPU(s)!

             Local Rank: 3 | Global Rank: 7


 Let's play with MNIST using torch 1.8.1+cu111 on 4 GPU(s)!

             Local Rank: 1 | Global Rank: 5


 Let's play with MNIST using torch 1.8.1+cu111 on 4 GPU(s)!

             Local Rank: 0 | Global Rank: 4

            =======  Training Started =======

            =======  Training Started =======

            =======  Training Started =======

            =======  Training Started =======

            =======  Training Started =======

            =======  Training Started =======

            =======  Training Started =======

            =======  Training Started =======

 Step: [  4/4] [1/5] | Loss: 1.715 | Accuracy: 43.427%
 Step: [  4/4] [1/5] | Loss: 1.705 | Accuracy: 44.187%
 Step: [  4/4] [1/5] | Loss: 1.721 | Accuracy: 43.560%
 Step: [  4/4] [1/5] | Loss: 1.717 | Accuracy: 44.040%
 Step: [  4/4] [1/5] | Loss: 1.709 | Accuracy: 44.013%
 Step: [  4/4] [1/5] | Loss: 1.735 | Accuracy: 43.093%
 Step: [  4/4] [1/5] | Loss: 1.709 | Accuracy: 44.293%
 Step: [  4/4] [1/5] | Loss: 1.726 | Accuracy: 43.587%
 Step: [  4/4] [2/5] | Loss: 0.355 | Accuracy: 89.200%
 Step: [  4/4] [2/5] | Loss: 0.327 | Accuracy: 89.933%
 Step: [  4/4] [2/5] | Loss: 0.341 | Accuracy: 89.720%
 Step: [  4/4] [2/5] | Loss: 0.351 | Accuracy: 89.480%
 Step: [  4/4] [2/5] | Loss: 0.333 | Accuracy: 89.667%
 Step: [  4/4] [2/5] | Loss: 0.339 | Accuracy: 89.387%
 Step: [  4/4] [2/5] | Loss: 0.348 | Accuracy: 89.307%
 Step: [  4/4] [2/5] | Loss: 0.362 | Accuracy: 89.027%
 Step: [  4/4] [3/5] | Loss: 0.169 | Accuracy: 95.080%
 Step: [  4/4] [3/5] | Loss: 0.146 | Accuracy: 95.587%
 Step: [  4/4] [3/5] | Loss: 0.147 | Accuracy: 95.400%
 Step: [  4/4] [3/5] | Loss: 0.132 | Accuracy: 96.000%
 Step: [  4/4] [3/5] | Loss: 0.151 | Accuracy: 95.560%
 Step: [  4/4] [3/5] | Loss: 0.131 | Accuracy: 95.800%
 Step: [  4/4] [3/5] | Loss: 0.142 | Accuracy: 95.560%
 Step: [  4/4] [3/5] | Loss: 0.144 | Accuracy: 95.493%
 Step: [  4/4] [4/5] | Loss: 0.097 | Accuracy: 97.067%
 Step: [  4/4] [4/5] | Loss: 0.089 | Accuracy: 97.440%
 Step: [  4/4] [4/5] | Loss: 0.088 | Accuracy: 97.093%
 Step: [  4/4] [4/5] | Loss: 0.094 | Accuracy: 97.053%
 Step: [  4/4] [4/5] | Loss: 0.092 | Accuracy: 97.240%
 Step: [  4/4] [4/5] | Loss: 0.097 | Accuracy: 96.933%
 Step: [  4/4] [4/5] | Loss: 0.094 | Accuracy: 97.067%
 Step: [  4/4] [4/5] | Loss: 0.076 | Accuracy: 97.640%
 Step: [  4/4] [5/5] | Loss: 0.071 | Accuracy: 97.947%
 Step: [  4/4] [5/5] | Loss: 0.060 | Accuracy: 98.240%
 Step: [  4/4] [5/5] | Loss: 0.071 | Accuracy: 97.640%
 Step: [  4/4] [5/5] | Loss: 0.063 | Accuracy: 98.200%
 Step: [  4/4] [5/5] | Loss: 0.063 | Accuracy: 98.027%
 Step: [  4/4] [5/5] | Loss: 0.063 | Accuracy: 97.880%
 Step: [  4/4] [5/5] | Loss: 0.058 | Accuracy: 98.413%
 Step: [  4/4] [5/5] | Loss: 0.064 | Accuracy: 97.987%

            =======  Training Finished  =======

                Finished in 0 min 6 sec :D


            =======  Training Finished  =======


            =======  Training Finished  =======

                Finished in 0 min 6 sec :D

                Finished in 0 min 6 sec :D


            =======  Training Finished  =======

                Finished in 0 min 6 sec :D


            =======  Training Finished  =======

                Finished in 0 min 6 sec :D


            =======  Training Finished  =======

                Finished in 0 min 6 sec :D


            =======  Training Finished  =======

                Finished in 0 min 6 sec :D


            =======  Training Finished  =======

                Finished in 0 min 6 sec :D
